2025-11-03 01:33:12 INFO  Utils:112 - [TestNG] Running:
  C:\Automation\My WorkSpace\OpenCart_V121\grid-docker.xml

2025-11-03 01:33:13 INFO  TC001_AccountRegistrationTest:16 - **** Starting TC001_AccountRegistrationTest
2025-11-03 01:33:13 ERROR TC001_AccountRegistrationTest:51 - Test Failed:Cannot invoke "org.openqa.selenium.SearchContext.findElement(org.openqa.selenium.By)" because "this.searchContext" is null
2025-11-03 01:33:13 INFO  TC001_AccountRegistrationTest:57 - ****Finished TC001_AccountRegistrationTest***
2025-11-03 01:38:08 INFO  Utils:112 - [TestNG] Running:
  C:\Automation\My WorkSpace\OpenCart_V121\grid-docker.xml

2025-11-03 01:38:13 INFO  TC001_AccountRegistrationTest:16 - **** Starting TC001_AccountRegistrationTest
2025-11-03 01:38:13 INFO  TC001_AccountRegistrationTest:23 - Clicked on my Account...
2025-11-03 01:38:14 INFO  TC001_AccountRegistrationTest:25 - Clicked on Register Link...
2025-11-03 01:38:14 INFO  TC001_AccountRegistrationTest:30 - Providing Customer Details...
2025-11-03 01:38:18 INFO  TC001_AccountRegistrationTest:41 - Validating Expected Message...
2025-11-03 01:38:18 INFO  TC001_AccountRegistrationTest:46 - Test Pass
2025-11-03 01:38:18 INFO  TC001_AccountRegistrationTest:57 - ****Finished TC001_AccountRegistrationTest***
2025-11-03 01:41:27 INFO  TC001_AccountRegistrationTest:16 - **** Starting TC001_AccountRegistrationTest
2025-11-03 01:41:27 INFO  TC001_AccountRegistrationTest:23 - Clicked on my Account...
2025-11-03 01:41:27 INFO  TC001_AccountRegistrationTest:25 - Clicked on Register Link...
2025-11-03 01:41:27 INFO  TC001_AccountRegistrationTest:30 - Providing Customer Details...
2025-11-03 01:41:31 INFO  TC001_AccountRegistrationTest:41 - Validating Expected Message...
2025-11-03 01:41:31 INFO  TC001_AccountRegistrationTest:46 - Test Pass
2025-11-03 01:41:31 INFO  TC001_AccountRegistrationTest:57 - ****Finished TC001_AccountRegistrationTest***
2025-11-03 01:48:05 INFO  Utils:112 - [TestNG] Running:
  C:\Automation\My WorkSpace\OpenCart_V121\grid-docker.xml

2025-11-03 01:52:01 INFO  Utils:112 - [TestNG] Running:
  C:\Automation\My WorkSpace\OpenCart_V121\grid-docker.xml

2025-11-03 01:53:15 INFO  TC001_AccountRegistrationTest:16 - **** Starting TC001_AccountRegistrationTest
2025-11-03 01:53:15 INFO  TC001_AccountRegistrationTest:23 - Clicked on my Account...
2025-11-03 01:53:16 INFO  TC001_AccountRegistrationTest:25 - Clicked on Register Link...
2025-11-03 01:53:16 INFO  TC001_AccountRegistrationTest:30 - Providing Customer Details...
2025-11-03 01:53:19 INFO  TC001_AccountRegistrationTest:41 - Validating Expected Message...
2025-11-03 01:53:20 INFO  TC001_AccountRegistrationTest:46 - Test Pass
2025-11-03 01:53:20 INFO  TC001_AccountRegistrationTest:57 - ****Finished TC001_AccountRegistrationTest***
2025-11-03 02:10:15 INFO  Utils:112 - [TestNG] Running:
  C:\Automation\My WorkSpace\OpenCart_V121\grouping.xml

2025-11-03 02:10:55 INFO  Utils:112 - [TestNG] Running:
  C:\Automation\My WorkSpace\OpenCart_V121\grouping.xml

2025-11-03 02:11:00 INFO  TC001_AccountRegistrationTest:16 - **** Starting TC001_AccountRegistrationTest
2025-11-03 02:11:00 INFO  TC001_AccountRegistrationTest:23 - Clicked on my Account...
2025-11-03 02:11:01 INFO  TC001_AccountRegistrationTest:25 - Clicked on Register Link...
2025-11-03 02:11:01 INFO  TC001_AccountRegistrationTest:30 - Providing Customer Details...
2025-11-03 02:11:03 INFO  TC001_AccountRegistrationTest:41 - Validating Expected Message...
2025-11-03 02:11:04 INFO  TC001_AccountRegistrationTest:46 - Test Pass
2025-11-03 02:11:04 INFO  TC001_AccountRegistrationTest:57 - ****Finished TC001_AccountRegistrationTest***
2025-11-03 02:11:09 INFO  TC002_LoginTest:17 - ***Starting TC002_LoginTest***
2025-11-03 02:11:11 INFO  TC002_LoginTest:43 - ***Finished LoginTest***
2025-11-03 02:12:35 INFO  Utils:112 - [TestNG] Running:
  C:\Automation\My WorkSpace\OpenCart_V121\grid-docker.xml

2025-11-03 02:12:38 INFO  TC001_AccountRegistrationTest:16 - **** Starting TC001_AccountRegistrationTest
2025-11-03 02:12:38 INFO  TC001_AccountRegistrationTest:23 - Clicked on my Account...
2025-11-03 02:12:38 INFO  TC001_AccountRegistrationTest:25 - Clicked on Register Link...
2025-11-03 02:12:38 INFO  TC001_AccountRegistrationTest:30 - Providing Customer Details...
2025-11-03 02:12:42 INFO  TC001_AccountRegistrationTest:41 - Validating Expected Message...
2025-11-03 02:12:42 INFO  TC001_AccountRegistrationTest:46 - Test Pass
2025-11-03 02:12:42 INFO  TC001_AccountRegistrationTest:57 - ****Finished TC001_AccountRegistrationTest***
2025-11-03 02:12:46 INFO  TC002_LoginTest:17 - ***Starting TC002_LoginTest***
2025-11-03 02:12:47 INFO  TC002_LoginTest:43 - ***Finished LoginTest***
2025-11-03 02:13:18 INFO  Utils:112 - [TestNG] Running:
  C:\Automation\My WorkSpace\OpenCart_V121\grid-docker.xml

2025-11-03 10:36:17 INFO  Utils:112 - [TestNG] Running:
  C:\Automation\My WorkSpace\OpenCart_V121\grid-docker.xml

2025-11-03 10:36:22 INFO  TC001_AccountRegistrationTest:16 - **** Starting TC001_AccountRegistrationTest
2025-11-03 10:36:22 INFO  TC001_AccountRegistrationTest:23 - Clicked on my Account...
2025-11-03 10:36:22 INFO  TC001_AccountRegistrationTest:25 - Clicked on Register Link...
2025-11-03 10:36:22 INFO  TC001_AccountRegistrationTest:30 - Providing Customer Details...
2025-11-03 10:36:26 INFO  TC001_AccountRegistrationTest:41 - Validating Expected Message...
2025-11-03 10:36:26 INFO  TC001_AccountRegistrationTest:46 - Test Pass
2025-11-03 10:36:26 INFO  TC001_AccountRegistrationTest:57 - ****Finished TC001_AccountRegistrationTest***
2025-11-03 10:38:13 INFO  Utils:112 - [TestNG] Running:
  C:\Automation\My WorkSpace\OpenCart_V121\crossbrowsertests.xml

2025-11-03 10:38:18 INFO  TC001_AccountRegistrationTest:16 - **** Starting TC001_AccountRegistrationTest
2025-11-03 10:38:18 INFO  TC001_AccountRegistrationTest:16 - **** Starting TC001_AccountRegistrationTest
2025-11-03 10:38:18 INFO  TC001_AccountRegistrationTest:23 - Clicked on my Account...
2025-11-03 10:38:18 INFO  TC001_AccountRegistrationTest:23 - Clicked on my Account...
2025-11-03 10:38:28 ERROR TC001_AccountRegistrationTest:51 - Test Failed:element not interactable
  (Session info: chrome=141.0.7390.123)
Build info: version: '4.38.0', revision: '6b412e825c*'
System info: os.name: 'Windows 11', os.arch: 'amd64', os.version: '10.0', java.version: '21.0.5'
Driver info: org.openqa.selenium.chrome.ChromeDriver
Command: [6f7dbe43ca11bfcefd7de0a2331e37b1, clickElement {id=f.B4AE80680567C35C6966D92816065007.d.CEB8D45208D34E4E9A4A10B23F9BFC60.e.67}]
Capabilities {acceptInsecureCerts: false, browserName: chrome, browserVersion: 141.0.7390.123, chrome: {chromedriverVersion: 141.0.7390.122 (b477534e7e1..., userDataDir: C:\WINDOWS\SystemTemp\scope...}, fedcm:accounts: true, goog:chromeOptions: {debuggerAddress: localhost:61156}, networkConnectionEnabled: false, pageLoadStrategy: normal, platformName: windows, proxy: Proxy(), se:cdp: ws://localhost:61156/devtoo..., se:cdpVersion: 141.0.7390.123, setWindowRect: true, strictFileInteractability: false, timeouts: {implicit: 0, pageLoad: 300000, script: 30000}, unhandledPromptBehavior: dismiss and notify, webauthn:extension:credBlob: true, webauthn:extension:largeBlob: true, webauthn:extension:minPinLength: true, webauthn:extension:prf: true, webauthn:virtualAuthenticators: true}
Element: [[ChromeDriver: chrome on windows (6f7dbe43ca11bfcefd7de0a2331e37b1)] -> xpath: //a[normalize-space()='Register']]
Session ID: 6f7dbe43ca11bfcefd7de0a2331e37b1
2025-11-03 10:38:28 INFO  TC001_AccountRegistrationTest:57 - ****Finished TC001_AccountRegistrationTest***
2025-11-03 10:38:38 ERROR TC001_AccountRegistrationTest:51 - Test Failed:element not interactable
  (Session info: chrome=141.0.7390.123)
Build info: version: '4.38.0', revision: '6b412e825c*'
System info: os.name: 'Windows 11', os.arch: 'amd64', os.version: '10.0', java.version: '21.0.5'
Driver info: org.openqa.selenium.chrome.ChromeDriver
Command: [6f7dbe43ca11bfcefd7de0a2331e37b1, clickElement {id=f.B4AE80680567C35C6966D92816065007.d.CEB8D45208D34E4E9A4A10B23F9BFC60.e.67}]
Capabilities {acceptInsecureCerts: false, browserName: chrome, browserVersion: 141.0.7390.123, chrome: {chromedriverVersion: 141.0.7390.122 (b477534e7e1..., userDataDir: C:\WINDOWS\SystemTemp\scope...}, fedcm:accounts: true, goog:chromeOptions: {debuggerAddress: localhost:61156}, networkConnectionEnabled: false, pageLoadStrategy: normal, platformName: windows, proxy: Proxy(), se:cdp: ws://localhost:61156/devtoo..., se:cdpVersion: 141.0.7390.123, setWindowRect: true, strictFileInteractability: false, timeouts: {implicit: 0, pageLoad: 300000, script: 30000}, unhandledPromptBehavior: dismiss and notify, webauthn:extension:credBlob: true, webauthn:extension:largeBlob: true, webauthn:extension:minPinLength: true, webauthn:extension:prf: true, webauthn:virtualAuthenticators: true}
Element: [[ChromeDriver: chrome on windows (6f7dbe43ca11bfcefd7de0a2331e37b1)] -> xpath: //a[normalize-space()='Register']]
Session ID: 6f7dbe43ca11bfcefd7de0a2331e37b1
2025-11-03 10:38:38 INFO  TC001_AccountRegistrationTest:57 - ****Finished TC001_AccountRegistrationTest***
2025-11-03 10:38:41 INFO  TC002_LoginTest:17 - ***Starting TC002_LoginTest***
2025-11-03 10:38:41 INFO  TC002_LoginTest:17 - ***Starting TC002_LoginTest***
2025-11-03 10:40:22 INFO  Utils:112 - [TestNG] Running:
  C:\Automation\My WorkSpace\OpenCart_V121\grouping.xml

2025-11-03 10:40:25 INFO  TC001_AccountRegistrationTest:16 - **** Starting TC001_AccountRegistrationTest
2025-11-03 10:40:25 INFO  TC001_AccountRegistrationTest:23 - Clicked on my Account...
2025-11-03 10:40:25 INFO  TC001_AccountRegistrationTest:25 - Clicked on Register Link...
2025-11-03 10:40:25 INFO  TC001_AccountRegistrationTest:30 - Providing Customer Details...
2025-11-03 10:40:28 INFO  TC001_AccountRegistrationTest:41 - Validating Expected Message...
2025-11-03 10:40:28 INFO  TC001_AccountRegistrationTest:46 - Test Pass
2025-11-03 10:40:28 INFO  TC001_AccountRegistrationTest:57 - ****Finished TC001_AccountRegistrationTest***
2025-11-03 10:40:33 INFO  TC002_LoginTest:17 - ***Starting TC002_LoginTest***
2025-11-03 10:40:34 INFO  TC002_LoginTest:43 - ***Finished LoginTest***
2025-11-03 11:04:02 INFO  Utils:112 - [TestNG] Running:
  C:\Automation\My WorkSpace\OpenCart_V121\grid-docker.xml

2025-11-03 11:04:07 INFO  TC001_AccountRegistrationTest:16 - **** Starting TC001_AccountRegistrationTest
2025-11-03 11:04:07 INFO  TC001_AccountRegistrationTest:23 - Clicked on my Account...
2025-11-03 11:04:08 INFO  TC001_AccountRegistrationTest:25 - Clicked on Register Link...
2025-11-03 11:04:08 INFO  TC001_AccountRegistrationTest:30 - Providing Customer Details...
2025-11-03 11:04:11 INFO  TC001_AccountRegistrationTest:41 - Validating Expected Message...
2025-11-03 11:04:11 INFO  TC001_AccountRegistrationTest:46 - Test Pass
2025-11-03 11:04:11 INFO  TC001_AccountRegistrationTest:57 - ****Finished TC001_AccountRegistrationTest***
2025-11-03 11:04:15 INFO  TC002_LoginTest:17 - ***Starting TC002_LoginTest***
2025-11-03 11:04:17 INFO  TC002_LoginTest:43 - ***Finished LoginTest***
2025-11-03 12:27:33 INFO  Utils:112 - [TestNG] Running:
  C:\Automation\My WorkSpace\OpenCart_V121\master.xml

2025-11-03 12:27:37 INFO  TC001_AccountRegistrationTest:16 - **** Starting TC001_AccountRegistrationTest
2025-11-03 12:27:37 INFO  TC001_AccountRegistrationTest:23 - Clicked on my Account...
2025-11-03 12:27:38 INFO  TC001_AccountRegistrationTest:25 - Clicked on Register Link...
2025-11-03 12:27:38 INFO  TC001_AccountRegistrationTest:30 - Providing Customer Details...
2025-11-03 12:27:42 INFO  TC001_AccountRegistrationTest:41 - Validating Expected Message...
2025-11-03 12:27:42 INFO  TC001_AccountRegistrationTest:46 - Test Pass
2025-11-03 12:27:42 INFO  TC001_AccountRegistrationTest:57 - ****Finished TC001_AccountRegistrationTest***
2025-11-03 12:27:47 INFO  TC002_LoginTest:17 - ***Starting TC002_LoginTest***
2025-11-03 12:27:49 INFO  TC002_LoginTest:43 - ***Finished LoginTest***
2025-11-03 15:10:30 INFO  TC001_AccountRegistrationTest:16 - **** Starting TC001_AccountRegistrationTest
2025-11-03 15:10:30 INFO  TC001_AccountRegistrationTest:23 - Clicked on my Account...
2025-11-03 15:10:31 INFO  TC001_AccountRegistrationTest:25 - Clicked on Register Link...
2025-11-03 15:10:31 INFO  TC001_AccountRegistrationTest:30 - Providing Customer Details...
2025-11-03 15:10:34 INFO  TC001_AccountRegistrationTest:41 - Validating Expected Message...
2025-11-03 15:10:34 INFO  TC001_AccountRegistrationTest:46 - Test Pass
2025-11-03 15:10:34 INFO  TC001_AccountRegistrationTest:57 - ****Finished TC001_AccountRegistrationTest***
2025-11-03 15:10:39 INFO  TC002_LoginTest:17 - ***Starting TC002_LoginTest***
2025-11-03 15:10:41 INFO  TC002_LoginTest:43 - ***Finished LoginTest***
2025-11-03 16:09:51 INFO  TC001_AccountRegistrationTest:16 - **** Starting TC001_AccountRegistrationTest
2025-11-03 16:09:51 INFO  TC001_AccountRegistrationTest:23 - Clicked on my Account...
2025-11-03 16:09:51 INFO  TC001_AccountRegistrationTest:25 - Clicked on Register Link...
2025-11-03 16:09:51 INFO  TC001_AccountRegistrationTest:30 - Providing Customer Details...
2025-11-03 16:09:54 INFO  TC001_AccountRegistrationTest:41 - Validating Expected Message...
2025-11-03 16:09:55 INFO  TC001_AccountRegistrationTest:46 - Test Pass
2025-11-03 16:09:55 INFO  TC001_AccountRegistrationTest:57 - ****Finished TC001_AccountRegistrationTest***
2025-11-03 16:10:00 INFO  TC002_LoginTest:17 - ***Starting TC002_LoginTest***
2025-11-03 16:10:01 INFO  TC002_LoginTest:43 - ***Finished LoginTest***
2025-11-03 16:13:21 INFO  TC001_AccountRegistrationTest:16 - **** Starting TC001_AccountRegistrationTest
2025-11-03 16:13:21 INFO  TC001_AccountRegistrationTest:23 - Clicked on my Account...
2025-11-03 16:13:21 INFO  TC001_AccountRegistrationTest:25 - Clicked on Register Link...
2025-11-03 16:13:21 INFO  TC001_AccountRegistrationTest:30 - Providing Customer Details...
2025-11-03 16:13:25 INFO  TC001_AccountRegistrationTest:41 - Validating Expected Message...
2025-11-03 16:13:25 INFO  TC001_AccountRegistrationTest:46 - Test Pass
2025-11-03 16:13:25 INFO  TC001_AccountRegistrationTest:57 - ****Finished TC001_AccountRegistrationTest***
2025-11-03 16:13:29 INFO  TC002_LoginTest:17 - ***Starting TC002_LoginTest***
2025-11-03 16:13:30 INFO  TC002_LoginTest:43 - ***Finished LoginTest***
2025-11-03 16:42:21 INFO  TC001_AccountRegistrationTest:16 - **** Starting TC001_AccountRegistrationTest
2025-11-03 16:42:21 INFO  TC001_AccountRegistrationTest:23 - Clicked on my Account...
2025-11-03 16:42:21 INFO  TC001_AccountRegistrationTest:25 - Clicked on Register Link...
2025-11-03 16:42:21 INFO  TC001_AccountRegistrationTest:30 - Providing Customer Details...
2025-11-03 16:42:24 INFO  TC001_AccountRegistrationTest:41 - Validating Expected Message...
2025-11-03 16:42:25 INFO  TC001_AccountRegistrationTest:46 - Test Pass
2025-11-03 16:42:25 INFO  TC001_AccountRegistrationTest:57 - ****Finished TC001_AccountRegistrationTest***
2025-11-03 16:42:29 INFO  TC002_LoginTest:17 - ***Starting TC002_LoginTest***
2025-11-03 16:42:31 INFO  TC002_LoginTest:43 - ***Finished LoginTest***
2025-11-03 16:48:53 INFO  TC001_AccountRegistrationTest:16 - **** Starting TC001_AccountRegistrationTest
2025-11-03 16:48:53 INFO  TC001_AccountRegistrationTest:23 - Clicked on my Account...
2025-11-03 16:48:54 INFO  TC001_AccountRegistrationTest:25 - Clicked on Register Link...
2025-11-03 16:48:54 INFO  TC001_AccountRegistrationTest:30 - Providing Customer Details...
2025-11-03 16:48:57 INFO  TC001_AccountRegistrationTest:41 - Validating Expected Message...
2025-11-03 16:48:57 INFO  TC001_AccountRegistrationTest:46 - Test Pass
2025-11-03 16:48:57 INFO  TC001_AccountRegistrationTest:57 - ****Finished TC001_AccountRegistrationTest***
2025-11-03 16:49:01 INFO  TC002_LoginTest:17 - ***Starting TC002_LoginTest***
2025-11-03 16:49:03 INFO  TC002_LoginTest:43 - ***Finished LoginTest***
2025-11-03 16:54:35 INFO  TC001_AccountRegistrationTest:16 - **** Starting TC001_AccountRegistrationTest
2025-11-03 16:54:35 INFO  TC001_AccountRegistrationTest:23 - Clicked on my Account...
2025-11-03 16:54:35 INFO  TC001_AccountRegistrationTest:25 - Clicked on Register Link...
2025-11-03 16:54:35 INFO  TC001_AccountRegistrationTest:30 - Providing Customer Details...
2025-11-03 16:54:39 INFO  TC001_AccountRegistrationTest:41 - Validating Expected Message...
2025-11-03 16:54:39 INFO  TC001_AccountRegistrationTest:46 - Test Pass
2025-11-03 16:54:39 INFO  TC001_AccountRegistrationTest:57 - ****Finished TC001_AccountRegistrationTest***
2025-11-03 16:54:43 INFO  TC002_LoginTest:17 - ***Starting TC002_LoginTest***
2025-11-03 16:54:44 INFO  TC002_LoginTest:43 - ***Finished LoginTest***
2025-11-03 16:57:25 INFO  TC001_AccountRegistrationTest:16 - **** Starting TC001_AccountRegistrationTest
2025-11-03 16:57:25 INFO  TC001_AccountRegistrationTest:23 - Clicked on my Account...
2025-11-03 16:57:26 INFO  TC001_AccountRegistrationTest:25 - Clicked on Register Link...
2025-11-03 16:57:26 INFO  TC001_AccountRegistrationTest:30 - Providing Customer Details...
2025-11-03 16:57:29 INFO  TC001_AccountRegistrationTest:41 - Validating Expected Message...
2025-11-03 16:57:39 INFO  TC001_AccountRegistrationTest:57 - ****Finished TC001_AccountRegistrationTest***
2025-11-03 16:57:43 INFO  TC002_LoginTest:17 - ***Starting TC002_LoginTest***
2025-11-03 16:57:44 INFO  TC002_LoginTest:43 - ***Finished LoginTest***
2025-11-03 16:58:40 INFO  TC001_AccountRegistrationTest:16 - **** Starting TC001_AccountRegistrationTest
2025-11-03 16:58:40 INFO  TC001_AccountRegistrationTest:23 - Clicked on my Account...
2025-11-03 16:58:40 INFO  TC001_AccountRegistrationTest:25 - Clicked on Register Link...
2025-11-03 16:58:40 INFO  TC001_AccountRegistrationTest:30 - Providing Customer Details...
2025-11-03 16:58:44 INFO  TC001_AccountRegistrationTest:41 - Validating Expected Message...
2025-11-03 16:58:44 INFO  TC001_AccountRegistrationTest:46 - Test Pass
2025-11-03 16:58:44 INFO  TC001_AccountRegistrationTest:57 - ****Finished TC001_AccountRegistrationTest***
2025-11-03 16:58:48 INFO  TC002_LoginTest:17 - ***Starting TC002_LoginTest***
2025-11-03 16:58:50 INFO  TC002_LoginTest:43 - ***Finished LoginTest***
2025-11-03 17:06:31 INFO  TC001_AccountRegistrationTest:16 - **** Starting TC001_AccountRegistrationTest
2025-11-03 17:06:31 INFO  TC001_AccountRegistrationTest:23 - Clicked on my Account...
2025-11-03 17:06:32 INFO  TC001_AccountRegistrationTest:25 - Clicked on Register Link...
2025-11-03 17:06:32 INFO  TC001_AccountRegistrationTest:30 - Providing Customer Details...
2025-11-03 17:06:35 INFO  TC001_AccountRegistrationTest:41 - Validating Expected Message...
2025-11-03 17:06:36 INFO  TC001_AccountRegistrationTest:46 - Test Pass
2025-11-03 17:06:36 INFO  TC001_AccountRegistrationTest:57 - ****Finished TC001_AccountRegistrationTest***
2025-11-03 17:06:41 INFO  TC002_LoginTest:17 - ***Starting TC002_LoginTest***
2025-11-03 17:06:42 INFO  TC002_LoginTest:43 - ***Finished LoginTest***
2025-11-03 17:08:44 INFO  Utils:112 - [TestNG] Running:
  C:\Automation\My WorkSpace\OpenCart_V121\master.xml

2025-11-03 17:08:46 INFO  TC001_AccountRegistrationTest:16 - **** Starting TC001_AccountRegistrationTest
2025-11-03 17:08:46 INFO  TC001_AccountRegistrationTest:23 - Clicked on my Account...
2025-11-03 17:08:47 INFO  TC001_AccountRegistrationTest:25 - Clicked on Register Link...
2025-11-03 17:08:47 INFO  TC001_AccountRegistrationTest:30 - Providing Customer Details...
2025-11-03 17:08:50 INFO  TC001_AccountRegistrationTest:41 - Validating Expected Message...
2025-11-03 17:08:50 INFO  TC001_AccountRegistrationTest:46 - Test Pass
2025-11-03 17:08:50 INFO  TC001_AccountRegistrationTest:57 - ****Finished TC001_AccountRegistrationTest***
2025-11-03 17:08:55 INFO  TC002_LoginTest:17 - ***Starting TC002_LoginTest***
2025-11-03 17:08:56 INFO  TC002_LoginTest:43 - ***Finished LoginTest***
